2024-08-10 20:48:35.150 [restartedMain] INFO  c.v.VehicleConfiguratorBackendApplication - Starting VehicleConfiguratorBackendApplication using Java 17.0.4 with PID 10772 (C:\Users\Lenovo\OneDrive\Desktop\Final Backend STS\Vehicle-Configurator-Backend\target\classes started by Lenovo in C:\Users\Lenovo\OneDrive\Desktop\Final Backend STS\Vehicle-Configurator-Backend)
2024-08-10 20:48:35.183 [restartedMain] INFO  c.v.VehicleConfiguratorBackendApplication - The following 1 profile is active: "jayesh"
2024-08-10 20:48:35.379 [restartedMain] INFO  o.s.b.d.e.DevToolsPropertyDefaultsPostProcessor - Devtools property defaults active! Set 'spring.devtools.add-properties' to 'false' to disable
2024-08-10 20:48:35.380 [restartedMain] INFO  o.s.b.d.e.DevToolsPropertyDefaultsPostProcessor - For additional web related logging consider setting the 'logging.level.web' property to 'DEBUG'
2024-08-10 20:48:38.590 [restartedMain] INFO  o.s.d.r.c.RepositoryConfigurationDelegate - Bootstrapping Spring Data JPA repositories in DEFAULT mode.
2024-08-10 20:48:38.815 [restartedMain] INFO  o.s.d.r.c.RepositoryConfigurationDelegate - Finished Spring Data repository scanning in 206 ms. Found 9 JPA repository interfaces.
2024-08-10 20:48:40.353 [restartedMain] INFO  o.s.b.w.e.tomcat.TomcatWebServer - Tomcat initialized with port 8080 (http)
2024-08-10 20:48:40.362 [restartedMain] INFO  o.a.c.core.AprLifecycleListener - Loaded Apache Tomcat Native library [2.0.7] using APR version [1.7.4].
2024-08-10 20:48:40.371 [restartedMain] INFO  o.a.c.core.AprLifecycleListener - OpenSSL successfully initialized [OpenSSL 3.0.13 30 Jan 2024]
2024-08-10 20:48:40.394 [restartedMain] INFO  o.a.catalina.core.StandardService - Starting service [Tomcat]
2024-08-10 20:48:40.395 [restartedMain] INFO  o.a.catalina.core.StandardEngine - Starting Servlet engine: [Apache Tomcat/10.1.26]
2024-08-10 20:48:40.520 [restartedMain] INFO  o.a.c.c.C.[Tomcat].[localhost].[/] - Initializing Spring embedded WebApplicationContext
2024-08-10 20:48:40.523 [restartedMain] INFO  o.s.b.w.s.c.ServletWebServerApplicationContext - Root WebApplicationContext: initialization completed in 5140 ms
2024-08-10 20:48:40.953 [restartedMain] INFO  o.h.jpa.internal.util.LogHelper - HHH000204: Processing PersistenceUnitInfo [name: default]
2024-08-10 20:48:41.246 [restartedMain] INFO  org.hibernate.Version - HHH000412: Hibernate ORM core version 6.5.2.Final
2024-08-10 20:48:41.328 [restartedMain] INFO  o.h.c.i.RegionFactoryInitiator - HHH000026: Second-level cache disabled
2024-08-10 20:48:42.095 [restartedMain] INFO  o.s.o.j.p.SpringPersistenceUnitInfo - No LoadTimeWeaver setup: ignoring JPA class transformer
2024-08-10 20:48:42.158 [restartedMain] INFO  com.zaxxer.hikari.HikariDataSource - HikariPool-1 - Starting...
2024-08-10 20:48:42.828 [restartedMain] INFO  com.zaxxer.hikari.pool.HikariPool - HikariPool-1 - Added connection com.mysql.cj.jdbc.ConnectionImpl@5a96298c
2024-08-10 20:48:42.831 [restartedMain] INFO  com.zaxxer.hikari.HikariDataSource - HikariPool-1 - Start completed.
2024-08-10 20:48:43.030 [restartedMain] WARN  org.hibernate.orm.deprecation - HHH90000025: MySQLDialect does not need to be specified explicitly using 'hibernate.dialect' (remove the property setting and it will be selected by default)
2024-08-10 20:48:45.360 [restartedMain] INFO  o.h.e.t.j.p.i.JtaPlatformInitiator - HHH000489: No JTA platform available (set 'hibernate.transaction.jta.platform' to enable JTA platform integration)
2024-08-10 20:48:45.984 [restartedMain] INFO  o.s.o.j.LocalContainerEntityManagerFactoryBean - Initialized JPA EntityManagerFactory for persistence unit 'default'
2024-08-10 20:48:46.598 [restartedMain] INFO  o.s.d.j.r.query.QueryEnhancerFactory - Hibernate is in classpath; If applicable, HQL parser will be used.
2024-08-10 20:48:47.835 [restartedMain] WARN  o.s.b.a.o.j.JpaBaseConfiguration$JpaWebConfiguration - spring.jpa.open-in-view is enabled by default. Therefore, database queries may be performed during view rendering. Explicitly configure spring.jpa.open-in-view to disable this warning
2024-08-10 20:48:48.630 [restartedMain] INFO  o.s.b.d.a.OptionalLiveReloadServer - LiveReload server is running on port 35729
2024-08-10 20:48:48.713 [restartedMain] INFO  o.s.b.w.e.tomcat.TomcatWebServer - Tomcat started on port 8080 (http) with context path '/'
2024-08-10 20:48:48.731 [restartedMain] INFO  c.v.VehicleConfiguratorBackendApplication - Started VehicleConfiguratorBackendApplication in 14.832 seconds (process running for 18.082)
2024-08-10 20:50:43.081 [http-nio-8080-exec-1] INFO  o.a.c.c.C.[Tomcat].[localhost].[/] - Initializing Spring DispatcherServlet 'dispatcherServlet'
2024-08-10 20:50:43.081 [http-nio-8080-exec-1] INFO  o.s.web.servlet.DispatcherServlet - Initializing Servlet 'dispatcherServlet'
2024-08-10 20:50:43.089 [http-nio-8080-exec-1] INFO  o.s.web.servlet.DispatcherServlet - Completed initialization in 8 ms
2024-08-10 20:50:43.452 [http-nio-8080-exec-2] INFO  c.vita.service.impl.UserServiceImpl - Creating user with email: sbr270397@gmail.com
2024-08-10 20:50:43.452 [http-nio-8080-exec-2] INFO  c.vita.service.impl.UserServiceImpl - Randomly generated ID is: null
2024-08-10 20:50:43.643 [http-nio-8080-exec-2] INFO  c.vita.service.impl.UserServiceImpl - User created successfully: User [userid=X6T8NG, address_line1=juhu, address_line2=Mumbai, city=mumbai, company_name=Vita, email=sbr270397@gmail.com, gst_number=654154, password=shubh, pin_code=400022, state=Maharashtra, telephone=1234567890, username=shubh]
2024-08-10 20:58:32.106 [RMI TCP Connection(18)-127.0.0.1] INFO  o.s.b.a.SpringApplicationAdminMXBeanRegistrar$SpringApplicationAdmin - Application shutdown requested.
2024-08-10 20:58:32.562 [RMI TCP Connection(18)-127.0.0.1] INFO  o.s.o.j.LocalContainerEntityManagerFactoryBean - Closing JPA EntityManagerFactory for persistence unit 'default'
2024-08-10 20:58:32.571 [RMI TCP Connection(18)-127.0.0.1] INFO  com.zaxxer.hikari.HikariDataSource - HikariPool-1 - Shutdown initiated...
2024-08-10 20:58:32.587 [RMI TCP Connection(18)-127.0.0.1] INFO  com.zaxxer.hikari.HikariDataSource - HikariPool-1 - Shutdown completed.
2024-08-10 21:30:10.731 [restartedMain] INFO  c.v.VehicleConfiguratorBackendApplication - Starting VehicleConfiguratorBackendApplication using Java 17.0.4 with PID 21460 (C:\Users\Lenovo\OneDrive\Desktop\Final Backend STS\Vehicle-Configurator-Backend\target\classes started by Lenovo in C:\Users\Lenovo\OneDrive\Desktop\Final Backend STS\Vehicle-Configurator-Backend)
2024-08-10 21:30:10.736 [restartedMain] INFO  c.v.VehicleConfiguratorBackendApplication - The following 1 profile is active: "jayesh"
2024-08-10 21:30:10.843 [restartedMain] INFO  o.s.b.d.e.DevToolsPropertyDefaultsPostProcessor - Devtools property defaults active! Set 'spring.devtools.add-properties' to 'false' to disable
2024-08-10 21:30:10.843 [restartedMain] INFO  o.s.b.d.e.DevToolsPropertyDefaultsPostProcessor - For additional web related logging consider setting the 'logging.level.web' property to 'DEBUG'
2024-08-10 21:30:12.882 [restartedMain] INFO  o.s.d.r.c.RepositoryConfigurationDelegate - Bootstrapping Spring Data JPA repositories in DEFAULT mode.
2024-08-10 21:30:13.032 [restartedMain] INFO  o.s.d.r.c.RepositoryConfigurationDelegate - Finished Spring Data repository scanning in 136 ms. Found 9 JPA repository interfaces.
2024-08-10 21:30:14.122 [restartedMain] INFO  o.s.b.w.e.tomcat.TomcatWebServer - Tomcat initialized with port 8080 (http)
2024-08-10 21:30:14.125 [restartedMain] INFO  o.a.c.core.AprLifecycleListener - Loaded Apache Tomcat Native library [2.0.7] using APR version [1.7.4].
2024-08-10 21:30:14.154 [restartedMain] INFO  o.a.c.core.AprLifecycleListener - OpenSSL successfully initialized [OpenSSL 3.0.13 30 Jan 2024]
2024-08-10 21:30:14.177 [restartedMain] INFO  o.a.catalina.core.StandardService - Starting service [Tomcat]
2024-08-10 21:30:14.177 [restartedMain] INFO  o.a.catalina.core.StandardEngine - Starting Servlet engine: [Apache Tomcat/10.1.26]
2024-08-10 21:30:14.269 [restartedMain] INFO  o.a.c.c.C.[Tomcat].[localhost].[/] - Initializing Spring embedded WebApplicationContext
2024-08-10 21:30:14.269 [restartedMain] INFO  o.s.b.w.s.c.ServletWebServerApplicationContext - Root WebApplicationContext: initialization completed in 3425 ms
2024-08-10 21:30:14.628 [restartedMain] INFO  o.h.jpa.internal.util.LogHelper - HHH000204: Processing PersistenceUnitInfo [name: default]
2024-08-10 21:30:14.724 [restartedMain] INFO  org.hibernate.Version - HHH000412: Hibernate ORM core version 6.5.2.Final
2024-08-10 21:30:14.778 [restartedMain] INFO  o.h.c.i.RegionFactoryInitiator - HHH000026: Second-level cache disabled
2024-08-10 21:30:15.321 [restartedMain] INFO  o.s.o.j.p.SpringPersistenceUnitInfo - No LoadTimeWeaver setup: ignoring JPA class transformer
2024-08-10 21:30:15.362 [restartedMain] INFO  com.zaxxer.hikari.HikariDataSource - HikariPool-1 - Starting...
2024-08-10 21:30:15.768 [restartedMain] INFO  com.zaxxer.hikari.pool.HikariPool - HikariPool-1 - Added connection com.mysql.cj.jdbc.ConnectionImpl@5bcf269d
2024-08-10 21:30:15.770 [restartedMain] INFO  com.zaxxer.hikari.HikariDataSource - HikariPool-1 - Start completed.
2024-08-10 21:30:15.832 [restartedMain] WARN  org.hibernate.orm.deprecation - HHH90000025: MySQLDialect does not need to be specified explicitly using 'hibernate.dialect' (remove the property setting and it will be selected by default)
2024-08-10 21:30:16.838 [restartedMain] INFO  o.h.e.t.j.p.i.JtaPlatformInitiator - HHH000489: No JTA platform available (set 'hibernate.transaction.jta.platform' to enable JTA platform integration)
2024-08-10 21:30:16.990 [restartedMain] INFO  o.s.o.j.LocalContainerEntityManagerFactoryBean - Initialized JPA EntityManagerFactory for persistence unit 'default'
2024-08-10 21:30:17.248 [restartedMain] INFO  o.s.d.j.r.query.QueryEnhancerFactory - Hibernate is in classpath; If applicable, HQL parser will be used.
2024-08-10 21:30:18.640 [restartedMain] WARN  o.s.b.a.o.j.JpaBaseConfiguration$JpaWebConfiguration - spring.jpa.open-in-view is enabled by default. Therefore, database queries may be performed during view rendering. Explicitly configure spring.jpa.open-in-view to disable this warning
2024-08-10 21:30:19.147 [restartedMain] INFO  o.s.b.d.a.OptionalLiveReloadServer - LiveReload server is running on port 35729
2024-08-10 21:30:19.197 [restartedMain] INFO  o.s.b.w.e.tomcat.TomcatWebServer - Tomcat started on port 8080 (http) with context path '/'
2024-08-10 21:30:19.208 [restartedMain] INFO  c.v.VehicleConfiguratorBackendApplication - Started VehicleConfiguratorBackendApplication in 9.332 seconds (process running for 10.999)
2024-08-10 21:31:32.365 [http-nio-8080-exec-1] INFO  o.a.c.c.C.[Tomcat].[localhost].[/] - Initializing Spring DispatcherServlet 'dispatcherServlet'
2024-08-10 21:31:32.365 [http-nio-8080-exec-1] INFO  o.s.web.servlet.DispatcherServlet - Initializing Servlet 'dispatcherServlet'
2024-08-10 21:31:32.374 [http-nio-8080-exec-1] INFO  o.s.web.servlet.DispatcherServlet - Completed initialization in 9 ms
2024-08-10 21:31:32.618 [http-nio-8080-exec-2] INFO  c.vita.service.impl.UserServiceImpl - Creating user with email: us740840@gmail.com
2024-08-10 21:31:32.618 [http-nio-8080-exec-2] INFO  c.vita.service.impl.UserServiceImpl - Randomly generated ID is: null
2024-08-10 21:31:32.728 [http-nio-8080-exec-2] INFO  c.vita.service.impl.UserServiceImpl - User created successfully: User [userid=GL9S8B, address_line1=andheri, address_line2=vidyanidhi, city=mumbai, company_name=shah, email=us740840@gmail.com, gst_number=654154, password=123, pin_code=423401, state=Uttar Pradesh, telephone=1234567890, username=hey]
2024-08-10 21:35:03.878 [RMI TCP Connection(14)-127.0.0.1] INFO  o.s.b.a.SpringApplicationAdminMXBeanRegistrar$SpringApplicationAdmin - Application shutdown requested.
2024-08-10 21:35:04.272 [RMI TCP Connection(14)-127.0.0.1] INFO  o.s.o.j.LocalContainerEntityManagerFactoryBean - Closing JPA EntityManagerFactory for persistence unit 'default'
2024-08-10 21:35:04.288 [RMI TCP Connection(14)-127.0.0.1] INFO  com.zaxxer.hikari.HikariDataSource - HikariPool-1 - Shutdown initiated...
2024-08-10 21:35:04.293 [RMI TCP Connection(14)-127.0.0.1] INFO  com.zaxxer.hikari.HikariDataSource - HikariPool-1 - Shutdown completed.
